<?xml version="1.0" encoding="UTF-8"?>
<!-- Generated by org.testng.reporters.JUnitXMLReporter -->
<testsuite ignored="0" hostname="DESKTOP-R2SDR03" failures="0" tests="3" name="Stand Alone Test" time="27.064" errors="0" timestamp="2024-09-07T05:04:59 IST">
  <testcase classname="rahulshettyacademy.tests.StandAloneTest" name="productPurchaseTest" time="6.485"/>
  <testcase classname="rahulshettyacademy.tests.StandAloneTest" name="productPurchaseTest" time="6.409"/>
  <testcase classname="rahulshettyacademy.tests.StandAloneTest" name="OrderHistoryTest" time="0.477"/>
</testsuite> <!-- Stand Alone Test -->
