<?xml version="1.0" encoding="UTF-8"?>
<!-- Generated by org.testng.reporters.JUnitXMLReporter -->
<testsuite ignored="0" hostname="DESKTOP-R2SDR03" failures="0" tests="3" name="StandAlone Test" time="25.307" errors="0" timestamp="2024-09-09T19:00:55 IST">
  <testcase classname="rahulshettyacademy.tests.StandAloneTest" name="productPurchaseTest" time="7.326"/>
  <testcase classname="rahulshettyacademy.tests.StandAloneTest" name="productPurchaseTest" time="6.566"/>
  <testcase classname="rahulshettyacademy.tests.StandAloneTest" name="OrderHistoryTest" time="0.732"/>
</testsuite> <!-- StandAlone Test -->
