<?xml version="1.0" encoding="UTF-8"?>
<!-- Generated by org.testng.reporters.JUnitXMLReporter -->
<testsuite ignored="0" hostname="DESKTOP-R2SDR03" failures="0" tests="2" name="Error Validations Test" time="34.479" errors="0" timestamp="2024-09-09T22:58:50 IST">
  <testcase classname="rahulshettyacademy.tests.ErrorValidations" name="loginErrorTest" time="0.928"/>
  <testcase classname="rahulshettyacademy.tests.ErrorValidations" name="productErrorTest" time="23.66"/>
</testsuite> <!-- Error Validations Test -->
